22:56:00.329 [main] INFO  testCases.TC_001_PartnerDetails - **** starting TC_001_partnerdetails*****
22:56:00.359 [main] INFO  testCases.TC_001_PartnerDetails - providing partner Name
23:20:37.717 [main] INFO  testCases.TC_001_PartnerDetails - **** starting TC_001_partnerdetails*****
23:22:29.541 [main] INFO  testCases.TC_001_PartnerDetails - **** starting TC_001_partnerdetails*****
23:23:44.951 [main] INFO  testCases.TC_001_PartnerDetails - **** starting TC_001_partnerdetails*****
23:23:45.462 [main] INFO  testCases.TC_001_PartnerDetails - providing partner Name
23:26:11.172 [main] INFO  testCases.TC_001_PartnerDetails - **** starting TC_001_partnerdetails*****
23:26:11.672 [main] INFO  testCases.TC_001_PartnerDetails - providing partner Name
23:30:40.836 [main] INFO  testCases.TC_001_PartnerDetails - **** starting TC_001_partnerdetails*****
23:30:41.331 [main] INFO  testCases.TC_001_PartnerDetails - providing partner Name
23:36:57.089 [main] INFO  testCases.TC_001_PartnerDetails - **** starting TC_001_partnerdetails*****
23:37:52.720 [main] INFO  testCases.TC_001_PartnerDetails - **** starting TC_001_partnerdetails*****
23:37:53.180 [main] INFO  testCases.TC_001_PartnerDetails - providing partner Name
23:51:56.545 [main] INFO  testCases.TC_001_PartnerDetails - **** starting TC_001_partnerdetails*****
23:51:57.050 [main] INFO  testCases.TC_001_PartnerDetails - providing partner Name
23:55:29.940 [main] INFO  testCases.TC_001_PartnerDetails - **** starting TC_001_partnerdetails*****
23:55:30.602 [main] INFO  testCases.TC_001_PartnerDetails - providing partner Name
08:43:47.566 [main] INFO  testCases.TC_001_PartnerDetails - providing partner Name
12:52:07.417 [main] INFO  testCases.TC_001_PartnerDetails - providing partner Name
13:00:11.227 [main] INFO  testCases.TC_001_PartnerDetails - providing partner Name
13:02:39.937 [main] INFO  testCases.TC_001_PartnerDetails - providing partner Name
13:06:25.243 [main] INFO  testCases.TC_001_PartnerDetails - providing partner Name
13:07:40.396 [main] INFO  testCases.TC_001_PartnerDetails - providing partner Name
13:08:51.982 [main] INFO  testCases.TC_001_PartnerDetails - providing partner Name
13:09:15.079 [main] INFO  testCases.TC_001_PartnerDetails - providing partner Name
13:09:41.994 [main] INFO  testCases.TC_001_PartnerDetails - providing partner Name
13:10:25.101 [main] INFO  testCases.TC_001_PartnerDetails - providing partner Name
13:13:12.234 [main] INFO  testCases.TC_001_PartnerDetails - providing partner Name
13:14:03.976 [main] INFO  testCases.TC_001_PartnerDetails - providing partner Name
13:15:06.745 [main] INFO  testCases.TC_001_PartnerDetails - providing partner Name
13:16:21.154 [main] INFO  testCases.TC_001_PartnerDetails - providing partner Name
13:16:23.000 [main] INFO  testCases.TC_001_PartnerDetails - providing Admin details
13:18:14.954 [main] INFO  testCases.TC_001_PartnerDetails - providing partner Name
13:19:47.165 [main] INFO  testCases.TC_001_PartnerDetails - providing partner Name
13:20:38.289 [main] INFO  testCases.TC_001_PartnerDetails - providing partner Name
13:24:19.034 [main] INFO  testCases.TC_001_PartnerDetails - providing partner Name
13:25:42.701 [main] INFO  testCases.TC_001_PartnerDetails - providing partner Name
13:25:46.382 [main] INFO  testCases.TC_001_PartnerDetails - providing Admin details
13:27:30.934 [main] INFO  testCases.TC_001_PartnerDetails - providing partner Name
13:27:34.790 [main] INFO  testCases.TC_001_PartnerDetails - providing Admin details
13:30:37.345 [main] INFO  testCases.TC_001_PartnerDetails - providing partner Name
13:33:52.642 [main] INFO  testCases.TC_001_PartnerDetails - providing partner Name
13:37:35.726 [main] INFO  testCases.TC_001_PartnerDetails - providing partner Name
13:38:20.741 [main] INFO  testCases.TC_001_PartnerDetails - providing partner Name
13:39:35.961 [main] INFO  testCases.TC_001_PartnerDetails - providing partner Name
13:39:41.092 [main] INFO  testCases.TC_001_PartnerDetails - providing Admin details
13:42:26.635 [main] INFO  testCases.TC_001_PartnerDetails - providing partner Name
13:44:13.128 [main] INFO  testCases.TC_001_PartnerDetails - providing partner Name
13:44:18.858 [main] INFO  testCases.TC_001_PartnerDetails - providing Admin details
13:47:12.382 [main] INFO  testCases.TC_001_PartnerDetails - providing partner Name
13:47:19.007 [main] INFO  testCases.TC_001_PartnerDetails - providing Admin details
13:49:24.526 [main] INFO  testCases.TC_001_PartnerDetails - providing partner Name
13:49:30.639 [main] INFO  testCases.TC_001_PartnerDetails - providing Admin details
15:14:57.045 [main] INFO  testCases.TC_001_PartnerDetails - providing partner Name
15:17:11.134 [main] INFO  testCases.TC_001_PartnerDetails - providing partner Name
15:20:02.516 [main] INFO  testCases.TC_001_PartnerDetails - providing partner Name
15:20:07.556 [main] INFO  testCases.TC_001_PartnerDetails - providing Admin details
15:21:45.587 [main] INFO  testCases.TC_001_PartnerDetails - providing partner Name
15:21:51.681 [main] INFO  testCases.TC_001_PartnerDetails - providing Admin details
15:23:20.979 [main] INFO  testCases.TC_001_PartnerDetails - providing partner Name
15:23:27.079 [main] INFO  testCases.TC_001_PartnerDetails - providing Admin details
15:24:19.531 [main] INFO  testCases.TC_001_PartnerDetails - providing partner Name
15:24:25.674 [main] INFO  testCases.TC_001_PartnerDetails - providing Admin details
15:25:15.651 [main] INFO  testCases.TC_001_PartnerDetails - providing partner Name
15:25:21.620 [main] INFO  testCases.TC_001_PartnerDetails - providing Admin details
15:26:22.192 [main] INFO  testCases.TC_001_PartnerDetails - providing partner Name
15:26:29.198 [main] INFO  testCases.TC_001_PartnerDetails - providing Admin details
15:27:55.719 [main] INFO  testCases.TC_001_PartnerDetails - providing partner Name
15:28:03.313 [main] INFO  testCases.TC_001_PartnerDetails - providing Admin details
15:42:33.551 [main] INFO  testCases.TC_001_PartnerDetails - providing partner Name
15:42:40.189 [main] INFO  testCases.TC_001_PartnerDetails - providing Admin details
15:43:45.531 [main] INFO  testCases.TC_001_PartnerDetails - providing partner Name
15:43:52.126 [main] INFO  testCases.TC_001_PartnerDetails - providing Admin details
15:56:46.228 [main] INFO  testCases.TC_001_PartnerDetails - providing partner Name
15:57:31.823 [main] INFO  testCases.TC_001_PartnerDetails - providing partner Name
15:58:51.887 [main] INFO  testCases.TC_001_PartnerDetails - providing partner Name
16:01:18.054 [main] INFO  testCases.TC_001_PartnerDetails - providing partner Name
16:01:19.594 [main] INFO  testCases.TC_001_PartnerDetails - providing Admin details
16:07:26.126 [main] INFO  testCases.TC_001_PartnerDetails - providing partner Name
16:07:33.306 [main] INFO  testCases.TC_001_PartnerDetails - providing Admin details
16:10:11.439 [main] INFO  testCases.TC_001_PartnerDetails - providing partner Name
16:10:19.217 [main] INFO  testCases.TC_001_PartnerDetails - providing Admin details
16:12:16.150 [main] INFO  testCases.TC_001_PartnerDetails - providing partner Name
16:12:23.507 [main] INFO  testCases.TC_001_PartnerDetails - providing Admin details
16:19:27.694 [main] INFO  testCases.TC_001_PartnerDetails - providing partner Name
16:19:35.945 [main] INFO  testCases.TC_001_PartnerDetails - providing Admin details
16:55:41.501 [main] INFO  testCases.TC_001_PartnerDetails - providing partner Name
16:55:45.051 [main] INFO  testCases.TC_001_PartnerDetails - providing Admin details
17:36:30.792 [main] INFO  testCases.TC_001_PartnerDetails - providing partner Name
17:36:33.033 [main] INFO  testCases.TC_001_PartnerDetails - providing Admin details
19:05:40.032 [main] INFO  testCases.TC_001_PartnerDetails - providing partner Name
19:05:59.796 [main] INFO  testCases.TC_001_PartnerDetails - providing Admin details
19:06:24.871 [main] INFO  testCases.TC_001_PartnerDetails - providing partner Name
19:06:33.886 [main] INFO  testCases.TC_001_PartnerDetails - providing Admin details
19:35:00.953 [main] INFO  testCases.TC_001_PartnerDetails - providing partner Name
19:35:09.473 [main] INFO  testCases.TC_001_PartnerDetails - providing Admin details
20:00:37.386 [main] INFO  testCases.TC_001_PartnerDetails - providing partner Name
20:01:53.339 [main] INFO  testCases.TC_001_PartnerDetails - providing partner Name
20:01:55.166 [main] INFO  testCases.TC_001_PartnerDetails - providing Admin details
20:56:08.266 [main] INFO  testCases.TC_001_PartnerDetails - providing partner Name
20:56:12.172 [main] INFO  testCases.TC_001_PartnerDetails - providing Admin details
21:42:36.872 [main] INFO  testCases.TC_001_PartnerDetails - providing partner Name
21:42:38.810 [main] INFO  testCases.TC_001_PartnerDetails - providing Admin details
22:10:12.878 [main] INFO  testCases.TC_001_PartnerDetails - providing partner Name
22:11:08.615 [main] INFO  testCases.TC_001_PartnerDetails - providing partner Name
22:11:10.679 [main] INFO  testCases.TC_001_PartnerDetails - providing Admin details
22:23:51.539 [main] INFO  testCases.TC_002_LoginDataDrivenTest -  Starting TC_002_LoginDataDrivenTest 
22:23:52.209 [main] INFO  testCases.TC_002_LoginDataDrivenTest - providing partner Name
22:24:16.413 [main] INFO  testCases.TC_002_LoginDataDrivenTest -  Starting TC_002_LoginDataDrivenTest 
22:24:17.182 [main] INFO  testCases.TC_002_LoginDataDrivenTest - providing partner Name
22:24:26.522 [main] INFO  testCases.TC_002_LoginDataDrivenTest -  Finished TC_003_LoginDataDrivenTest
22:24:26.533 [main] INFO  testCases.TC_002_LoginDataDrivenTest -  Starting TC_002_LoginDataDrivenTest 
22:24:27.382 [main] INFO  testCases.TC_002_LoginDataDrivenTest - providing partner Name
22:24:28.509 [main] INFO  testCases.TC_002_LoginDataDrivenTest -  Starting TC_002_LoginDataDrivenTest 
22:24:29.353 [main] INFO  testCases.TC_002_LoginDataDrivenTest - providing partner Name
22:24:57.495 [main] INFO  testCases.TC_002_LoginDataDrivenTest -  Starting TC_002_LoginDataDrivenTest 
22:24:58.459 [main] INFO  testCases.TC_002_LoginDataDrivenTest - providing partner Name
22:25:07.201 [main] INFO  testCases.TC_002_LoginDataDrivenTest -  Finished TC_003_LoginDataDrivenTest
22:25:07.220 [main] INFO  testCases.TC_002_LoginDataDrivenTest -  Starting TC_002_LoginDataDrivenTest 
22:25:08.017 [main] INFO  testCases.TC_002_LoginDataDrivenTest - providing partner Name
22:25:09.148 [main] INFO  testCases.TC_002_LoginDataDrivenTest -  Starting TC_002_LoginDataDrivenTest 
22:25:09.907 [main] INFO  testCases.TC_002_LoginDataDrivenTest - providing partner Name
22:25:11.021 [main] INFO  testCases.TC_002_LoginDataDrivenTest -  Starting TC_002_LoginDataDrivenTest 
22:25:11.836 [main] INFO  testCases.TC_002_LoginDataDrivenTest - providing partner Name
22:25:55.122 [main] INFO  testCases.TC_002_LoginDataDrivenTest -  Starting TC_002_LoginDataDrivenTest 
22:25:56.112 [main] INFO  testCases.TC_002_LoginDataDrivenTest - providing partner Name
22:26:05.602 [main] INFO  testCases.TC_002_LoginDataDrivenTest -  Finished TC_003_LoginDataDrivenTest
22:26:05.619 [main] INFO  testCases.TC_002_LoginDataDrivenTest -  Starting TC_002_LoginDataDrivenTest 
22:26:06.394 [main] INFO  testCases.TC_002_LoginDataDrivenTest - providing partner Name
22:26:07.522 [main] INFO  testCases.TC_002_LoginDataDrivenTest -  Starting TC_002_LoginDataDrivenTest 
22:26:08.347 [main] INFO  testCases.TC_002_LoginDataDrivenTest - providing partner Name
22:26:18.488 [main] INFO  testCases.TC_002_LoginDataDrivenTest -  Finished TC_003_LoginDataDrivenTest
22:26:18.493 [main] INFO  testCases.TC_002_LoginDataDrivenTest -  Starting TC_002_LoginDataDrivenTest 
22:26:19.313 [main] INFO  testCases.TC_002_LoginDataDrivenTest - providing partner Name
22:26:28.606 [main] INFO  testCases.TC_002_LoginDataDrivenTest -  Finished TC_003_LoginDataDrivenTest
23:02:08.034 [main] INFO  testCases.TC_002_LoginDataDrivenTest -  Starting TC_002_LoginDataDrivenTest 
23:02:09.189 [main] INFO  testCases.TC_002_LoginDataDrivenTest - providing partner Name
23:02:15.812 [main] INFO  testCases.TC_002_LoginDataDrivenTest -  Finished TC_003_LoginDataDrivenTest
23:02:15.833 [main] INFO  testCases.TC_002_LoginDataDrivenTest -  Starting TC_002_LoginDataDrivenTest 
23:02:16.632 [main] INFO  testCases.TC_002_LoginDataDrivenTest - providing partner Name
23:02:38.777 [main] INFO  testCases.TC_002_LoginDataDrivenTest -  Finished TC_003_LoginDataDrivenTest
23:02:38.787 [main] INFO  testCases.TC_002_LoginDataDrivenTest -  Starting TC_002_LoginDataDrivenTest 
23:02:39.542 [main] INFO  testCases.TC_002_LoginDataDrivenTest - providing partner Name
23:03:01.012 [main] INFO  testCases.TC_002_LoginDataDrivenTest -  Finished TC_003_LoginDataDrivenTest
23:04:32.243 [main] INFO  testCases.TC_002_LoginDataDrivenTest -  Starting TC_002_LoginDataDrivenTest 
23:04:33.290 [main] INFO  testCases.TC_002_LoginDataDrivenTest - providing partner Name
23:04:57.685 [main] INFO  testCases.TC_002_LoginDataDrivenTest -  Finished TC_003_LoginDataDrivenTest
23:04:57.696 [main] INFO  testCases.TC_002_LoginDataDrivenTest -  Starting TC_002_LoginDataDrivenTest 
23:04:58.553 [main] INFO  testCases.TC_002_LoginDataDrivenTest - providing partner Name
23:05:23.298 [main] INFO  testCases.TC_002_LoginDataDrivenTest -  Finished TC_003_LoginDataDrivenTest
23:05:23.303 [main] INFO  testCases.TC_002_LoginDataDrivenTest -  Starting TC_002_LoginDataDrivenTest 
23:05:24.231 [main] INFO  testCases.TC_002_LoginDataDrivenTest - providing partner Name
23:05:48.843 [main] INFO  testCases.TC_002_LoginDataDrivenTest -  Finished TC_003_LoginDataDrivenTest
23:11:46.354 [main] INFO  testCases.TC_002_LoginDataDrivenTest -  Starting TC_002_LoginDataDrivenTest 
23:11:47.342 [main] INFO  testCases.TC_002_LoginDataDrivenTest - providing partner Name
23:12:12.637 [main] INFO  testCases.TC_002_LoginDataDrivenTest -  Finished TC_003_LoginDataDrivenTest
23:12:12.663 [main] INFO  testCases.TC_002_LoginDataDrivenTest -  Starting TC_002_LoginDataDrivenTest 
23:12:13.623 [main] INFO  testCases.TC_002_LoginDataDrivenTest - providing partner Name
23:12:38.993 [main] INFO  testCases.TC_002_LoginDataDrivenTest -  Finished TC_003_LoginDataDrivenTest
23:12:39.002 [main] INFO  testCases.TC_002_LoginDataDrivenTest -  Starting TC_002_LoginDataDrivenTest 
23:12:39.861 [main] INFO  testCases.TC_002_LoginDataDrivenTest - providing partner Name
23:13:04.948 [main] INFO  testCases.TC_002_LoginDataDrivenTest -  Finished TC_003_LoginDataDrivenTest
23:16:40.606 [main] INFO  testCases.TC_002_LoginDataDrivenTest -  Starting TC_002_LoginDataDrivenTest 
23:16:41.636 [main] INFO  testCases.TC_002_LoginDataDrivenTest - providing partner Name
23:17:07.082 [main] INFO  testCases.TC_002_LoginDataDrivenTest -  Finished TC_003_LoginDataDrivenTest
23:17:07.103 [main] INFO  testCases.TC_002_LoginDataDrivenTest -  Starting TC_002_LoginDataDrivenTest 
23:17:08.060 [main] INFO  testCases.TC_002_LoginDataDrivenTest - providing partner Name
23:17:33.366 [main] INFO  testCases.TC_002_LoginDataDrivenTest -  Finished TC_003_LoginDataDrivenTest
23:17:33.375 [main] INFO  testCases.TC_002_LoginDataDrivenTest -  Starting TC_002_LoginDataDrivenTest 
23:17:34.231 [main] INFO  testCases.TC_002_LoginDataDrivenTest - providing partner Name
23:18:00.011 [main] INFO  testCases.TC_002_LoginDataDrivenTest -  Finished TC_003_LoginDataDrivenTest
23:19:33.334 [main] INFO  testCases.TC_002_LoginDataDrivenTest -  Starting TC_002_LoginDataDrivenTest 
23:19:34.441 [main] INFO  testCases.TC_002_LoginDataDrivenTest - providing partner Name
23:20:00.299 [main] INFO  testCases.TC_002_LoginDataDrivenTest -  Finished TC_003_LoginDataDrivenTest
23:20:00.319 [main] INFO  testCases.TC_002_LoginDataDrivenTest -  Starting TC_002_LoginDataDrivenTest 
23:20:01.182 [main] INFO  testCases.TC_002_LoginDataDrivenTest - providing partner Name
23:20:28.597 [main] INFO  testCases.TC_002_LoginDataDrivenTest -  Finished TC_003_LoginDataDrivenTest
23:20:28.608 [main] INFO  testCases.TC_002_LoginDataDrivenTest -  Starting TC_002_LoginDataDrivenTest 
23:20:29.452 [main] INFO  testCases.TC_002_LoginDataDrivenTest - providing partner Name
23:20:57.800 [main] INFO  testCases.TC_002_LoginDataDrivenTest -  Finished TC_003_LoginDataDrivenTest
08:38:25.212 [main] INFO  testCases.TC_001_PartnerDetails - providing partner Name
08:38:27.922 [main] INFO  testCases.TC_001_PartnerDetails - providing Admin details
08:39:58.694 [main] INFO  testCases.TC_002_LoginDataDrivenTest -  Starting TC_002_LoginDataDrivenTest 
08:39:59.593 [main] INFO  testCases.TC_002_LoginDataDrivenTest - providing partner Name
08:39:59.671 [main] INFO  testCases.TC_002_LoginDataDrivenTest -  Starting TC_002_LoginDataDrivenTest 
08:40:00.256 [main] INFO  testCases.TC_002_LoginDataDrivenTest - providing partner Name
08:40:00.293 [main] INFO  testCases.TC_002_LoginDataDrivenTest -  Starting TC_002_LoginDataDrivenTest 
08:40:00.859 [main] INFO  testCases.TC_002_LoginDataDrivenTest - providing partner Name
08:40:21.320 [main] INFO  testCases.TC_002_LoginDataDrivenTest -  Starting TC_002_LoginDataDrivenTest 
08:40:22.207 [main] INFO  testCases.TC_002_LoginDataDrivenTest - providing partner Name
08:40:22.276 [main] INFO  testCases.TC_002_LoginDataDrivenTest -  Starting TC_002_LoginDataDrivenTest 
08:40:22.790 [main] INFO  testCases.TC_002_LoginDataDrivenTest - providing partner Name
08:40:22.833 [main] INFO  testCases.TC_002_LoginDataDrivenTest -  Starting TC_002_LoginDataDrivenTest 
08:40:23.409 [main] INFO  testCases.TC_002_LoginDataDrivenTest - providing partner Name
08:41:26.368 [main] INFO  testCases.TC_001_PartnerDetails - providing partner Name
08:41:30.383 [main] INFO  testCases.TC_001_PartnerDetails - providing Admin details
08:42:20.969 [main] INFO  testCases.TC_002_LoginDataDrivenTest -  Starting TC_002_LoginDataDrivenTest 
08:42:21.743 [main] INFO  testCases.TC_002_LoginDataDrivenTest - providing partner Name
08:42:29.004 [main] INFO  testCases.TC_002_LoginDataDrivenTest -  Finished TC_003_LoginDataDrivenTest
08:42:29.030 [main] INFO  testCases.TC_002_LoginDataDrivenTest -  Starting TC_002_LoginDataDrivenTest 
08:42:29.747 [main] INFO  testCases.TC_002_LoginDataDrivenTest - providing partner Name
08:42:36.256 [main] INFO  testCases.TC_002_LoginDataDrivenTest -  Finished TC_003_LoginDataDrivenTest
08:42:36.264 [main] INFO  testCases.TC_002_LoginDataDrivenTest -  Starting TC_002_LoginDataDrivenTest 
08:42:37.046 [main] INFO  testCases.TC_002_LoginDataDrivenTest - providing partner Name
08:42:43.422 [main] INFO  testCases.TC_002_LoginDataDrivenTest -  Finished TC_003_LoginDataDrivenTest
08:47:11.428 [main] INFO  testCases.TC_002_LoginDataDrivenTest -  Starting TC_002_LoginDataDrivenTest 
08:47:12.473 [main] INFO  testCases.TC_002_LoginDataDrivenTest - providing partner Name
08:47:20.063 [main] INFO  testCases.TC_002_LoginDataDrivenTest -  Finished TC_003_LoginDataDrivenTest
08:47:20.085 [main] INFO  testCases.TC_002_LoginDataDrivenTest -  Starting TC_002_LoginDataDrivenTest 
08:47:20.960 [main] INFO  testCases.TC_002_LoginDataDrivenTest - providing partner Name
08:47:28.036 [main] INFO  testCases.TC_002_LoginDataDrivenTest -  Finished TC_003_LoginDataDrivenTest
08:47:28.044 [main] INFO  testCases.TC_002_LoginDataDrivenTest -  Starting TC_002_LoginDataDrivenTest 
08:47:28.916 [main] INFO  testCases.TC_002_LoginDataDrivenTest - providing partner Name
08:47:35.714 [main] INFO  testCases.TC_002_LoginDataDrivenTest -  Finished TC_003_LoginDataDrivenTest
11:05:01.579 [main] INFO  testCases.TC_002_LoginDataDrivenTest -  Starting TC_002_LoginDataDrivenTest 
11:05:02.617 [main] INFO  testCases.TC_002_LoginDataDrivenTest - providing partner Name
11:05:08.636 [main] INFO  testCases.TC_002_LoginDataDrivenTest -  Finished TC_003_LoginDataDrivenTest
11:05:08.662 [main] INFO  testCases.TC_002_LoginDataDrivenTest -  Starting TC_002_LoginDataDrivenTest 
11:05:09.546 [main] INFO  testCases.TC_002_LoginDataDrivenTest - providing partner Name
11:05:17.687 [main] INFO  testCases.TC_002_LoginDataDrivenTest -  Finished TC_003_LoginDataDrivenTest
11:05:17.695 [main] INFO  testCases.TC_002_LoginDataDrivenTest -  Starting TC_002_LoginDataDrivenTest 
11:05:18.594 [main] INFO  testCases.TC_002_LoginDataDrivenTest - providing partner Name
11:05:26.547 [main] INFO  testCases.TC_002_LoginDataDrivenTest -  Finished TC_003_LoginDataDrivenTest
11:03:45.888 [main] INFO  testCases.TC_002_LoginDataDrivenTest -  Starting TC_002_LoginDataDrivenTest 
11:03:46.557 [main] INFO  testCases.TC_002_LoginDataDrivenTest - providing partner Name
11:03:52.239 [main] INFO  testCases.TC_002_LoginDataDrivenTest -  Starting TC_002_LoginDataDrivenTest 
11:03:52.895 [main] INFO  testCases.TC_002_LoginDataDrivenTest - providing partner Name
11:03:54.010 [main] INFO  testCases.TC_002_LoginDataDrivenTest -  Starting TC_002_LoginDataDrivenTest 
11:03:54.605 [main] INFO  testCases.TC_002_LoginDataDrivenTest - providing partner Name
22:04:32.455 [main] INFO  testCases.TC_001_PartnerDetails - providing partner Name
22:04:34.471 [main] INFO  testCases.TC_001_PartnerDetails - providing Admin details
22:05:33.745 [main] INFO  testCases.TC_002_LoginDataDrivenTest -  Starting TC_002_LoginDataDrivenTest 
22:05:34.615 [main] INFO  testCases.TC_002_LoginDataDrivenTest - providing partner Name
22:05:40.552 [main] INFO  testCases.TC_002_LoginDataDrivenTest -  Starting TC_002_LoginDataDrivenTest 
22:05:41.376 [main] INFO  testCases.TC_002_LoginDataDrivenTest - providing partner Name
22:05:42.489 [main] INFO  testCases.TC_002_LoginDataDrivenTest -  Starting TC_002_LoginDataDrivenTest 
22:05:43.293 [main] INFO  testCases.TC_002_LoginDataDrivenTest - providing partner Name
22:11:49.553 [main] INFO  testCases.TC_002_LoginDataDrivenTest -  Starting TC_002_LoginDataDrivenTest 
22:11:50.267 [main] INFO  testCases.TC_002_LoginDataDrivenTest - providing partner Name
22:11:55.432 [main] INFO  testCases.TC_002_LoginDataDrivenTest -  Starting TC_002_LoginDataDrivenTest 
22:11:56.050 [main] INFO  testCases.TC_002_LoginDataDrivenTest - providing partner Name
22:11:57.107 [main] INFO  testCases.TC_002_LoginDataDrivenTest -  Starting TC_002_LoginDataDrivenTest 
22:11:57.730 [main] INFO  testCases.TC_002_LoginDataDrivenTest - providing partner Name
22:13:33.422 [main] INFO  testCases.TC_002_LoginDataDrivenTest -  Starting TC_002_LoginDataDrivenTest 
22:13:34.122 [main] INFO  testCases.TC_002_LoginDataDrivenTest - providing partner Name
22:13:39.498 [main] INFO  testCases.TC_002_LoginDataDrivenTest -  Finished TC_003_LoginDataDrivenTest
22:13:39.515 [main] INFO  testCases.TC_002_LoginDataDrivenTest -  Starting TC_002_LoginDataDrivenTest 
22:13:40.246 [main] INFO  testCases.TC_002_LoginDataDrivenTest - providing partner Name
22:13:45.614 [main] INFO  testCases.TC_002_LoginDataDrivenTest -  Finished TC_003_LoginDataDrivenTest
22:13:45.625 [main] INFO  testCases.TC_002_LoginDataDrivenTest -  Starting TC_002_LoginDataDrivenTest 
22:13:46.373 [main] INFO  testCases.TC_002_LoginDataDrivenTest - providing partner Name
22:13:51.986 [main] INFO  testCases.TC_002_LoginDataDrivenTest -  Finished TC_003_LoginDataDrivenTest
22:16:33.927 [main] INFO  testCases.TC_002_LoginDataDrivenTest -  Starting TC_002_LoginDataDrivenTest 
22:16:34.889 [main] INFO  testCases.TC_002_LoginDataDrivenTest - providing partner Name
22:16:37.421 [main] INFO  testCases.TC_002_LoginDataDrivenTest -  Starting TC_002_LoginDataDrivenTest 
22:16:38.236 [main] INFO  testCases.TC_002_LoginDataDrivenTest - providing partner Name
22:16:39.350 [main] INFO  testCases.TC_002_LoginDataDrivenTest -  Starting TC_002_LoginDataDrivenTest 
22:16:40.131 [main] INFO  testCases.TC_002_LoginDataDrivenTest - providing partner Name
22:19:59.529 [main] INFO  testCases.TC_001_PartnerDetails - providing partner Name
22:20:02.524 [main] INFO  testCases.TC_001_PartnerDetails - providing Admin details
22:20:28.041 [main] INFO  testCases.TC_001_PartnerDetails - providing partner Name
22:20:31.220 [main] INFO  testCases.TC_001_PartnerDetails - providing Admin details
22:24:02.314 [main] INFO  testCases.TC_002_LoginDataDrivenTest -  Starting TC_002_LoginDataDrivenTest 
22:24:03.109 [main] INFO  testCases.TC_002_LoginDataDrivenTest - providing partner Name
22:24:11.183 [main] INFO  testCases.TC_002_LoginDataDrivenTest -  Starting TC_002_LoginDataDrivenTest 
22:24:11.930 [main] INFO  testCases.TC_002_LoginDataDrivenTest - providing partner Name
22:24:13.044 [main] INFO  testCases.TC_002_LoginDataDrivenTest -  Starting TC_002_LoginDataDrivenTest 
22:24:13.786 [main] INFO  testCases.TC_002_LoginDataDrivenTest - providing partner Name
22:25:49.657 [main] INFO  testCases.TC_001_PartnerDetails - providing partner Name
22:25:52.923 [main] INFO  testCases.TC_001_PartnerDetails - providing Admin details
22:27:04.265 [main] INFO  testCases.TC_002_LoginDataDrivenTest -  Starting TC_002_LoginDataDrivenTest 
22:27:05.267 [main] INFO  testCases.TC_002_LoginDataDrivenTest - providing partner Name
22:27:14.734 [main] INFO  testCases.TC_002_LoginDataDrivenTest -  Starting TC_002_LoginDataDrivenTest 
22:27:15.529 [main] INFO  testCases.TC_002_LoginDataDrivenTest - providing partner Name
22:27:16.657 [main] INFO  testCases.TC_002_LoginDataDrivenTest -  Starting TC_002_LoginDataDrivenTest 
22:27:17.492 [main] INFO  testCases.TC_002_LoginDataDrivenTest - providing partner Name
22:28:34.793 [main] INFO  testCases.TC_002_LoginDataDrivenTest -  Starting TC_002_LoginDataDrivenTest 
22:28:35.757 [main] INFO  testCases.TC_002_LoginDataDrivenTest - providing partner Name
22:28:43.897 [main] INFO  testCases.TC_002_LoginDataDrivenTest -  Finished TC_003_LoginDataDrivenTest
22:28:43.916 [main] INFO  testCases.TC_002_LoginDataDrivenTest -  Starting TC_002_LoginDataDrivenTest 
22:28:44.722 [main] INFO  testCases.TC_002_LoginDataDrivenTest - providing partner Name
22:28:58.136 [main] INFO  testCases.TC_002_LoginDataDrivenTest -  Finished TC_003_LoginDataDrivenTest
22:28:58.142 [main] INFO  testCases.TC_002_LoginDataDrivenTest -  Starting TC_002_LoginDataDrivenTest 
22:28:58.918 [main] INFO  testCases.TC_002_LoginDataDrivenTest - providing partner Name
22:29:12.785 [main] INFO  testCases.TC_002_LoginDataDrivenTest -  Finished TC_003_LoginDataDrivenTest
22:29:39.232 [main] INFO  testCases.TC_002_LoginDataDrivenTest -  Starting TC_002_LoginDataDrivenTest 
22:29:40.071 [main] INFO  testCases.TC_002_LoginDataDrivenTest - providing partner Name
22:29:48.658 [main] INFO  testCases.TC_002_LoginDataDrivenTest -  Finished TC_003_LoginDataDrivenTest
22:29:48.676 [main] INFO  testCases.TC_002_LoginDataDrivenTest -  Starting TC_002_LoginDataDrivenTest 
22:29:49.501 [main] INFO  testCases.TC_002_LoginDataDrivenTest - providing partner Name
22:29:49.833 [main] INFO  testCases.TC_002_LoginDataDrivenTest -  Starting TC_002_LoginDataDrivenTest 
22:29:50.624 [main] INFO  testCases.TC_002_LoginDataDrivenTest - providing partner Name
22:30:06.167 [main] INFO  testCases.TC_002_LoginDataDrivenTest -  Finished TC_003_LoginDataDrivenTest
22:37:48.163 [main] INFO  testCases.TC_002_LoginDataDrivenTest -  Starting TC_002_LoginDataDrivenTest 
22:37:48.968 [main] INFO  testCases.TC_002_LoginDataDrivenTest - providing partner Name
22:37:53.728 [main] INFO  testCases.TC_002_LoginDataDrivenTest -  Starting TC_002_LoginDataDrivenTest 
22:37:54.461 [main] INFO  testCases.TC_002_LoginDataDrivenTest - providing partner Name
22:37:55.574 [main] INFO  testCases.TC_002_LoginDataDrivenTest -  Starting TC_002_LoginDataDrivenTest 
22:37:56.222 [main] INFO  testCases.TC_002_LoginDataDrivenTest - providing partner Name
22:39:19.759 [main] INFO  testCases.TC_002_LoginDataDrivenTest -  Starting TC_002_LoginDataDrivenTest 
22:39:20.547 [main] INFO  testCases.TC_002_LoginDataDrivenTest - providing partner Name
22:39:30.136 [main] INFO  testCases.TC_002_LoginDataDrivenTest -  Starting TC_002_LoginDataDrivenTest 
22:39:30.902 [main] INFO  testCases.TC_002_LoginDataDrivenTest - providing partner Name
22:39:32.021 [main] INFO  testCases.TC_002_LoginDataDrivenTest -  Starting TC_002_LoginDataDrivenTest 
22:39:32.742 [main] INFO  testCases.TC_002_LoginDataDrivenTest - providing partner Name
22:40:52.466 [main] INFO  testCases.TC_002_LoginDataDrivenTest -  Starting TC_002_LoginDataDrivenTest 
22:40:53.326 [main] INFO  testCases.TC_002_LoginDataDrivenTest - providing partner Name
22:41:03.349 [main] INFO  testCases.TC_002_LoginDataDrivenTest -  Finished TC_003_LoginDataDrivenTest
22:41:03.365 [main] INFO  testCases.TC_002_LoginDataDrivenTest -  Starting TC_002_LoginDataDrivenTest 
22:41:04.127 [main] INFO  testCases.TC_002_LoginDataDrivenTest - providing partner Name
22:41:13.963 [main] INFO  testCases.TC_002_LoginDataDrivenTest -  Finished TC_003_LoginDataDrivenTest
22:41:13.969 [main] INFO  testCases.TC_002_LoginDataDrivenTest -  Starting TC_002_LoginDataDrivenTest 
22:41:14.755 [main] INFO  testCases.TC_002_LoginDataDrivenTest - providing partner Name
22:41:24.884 [main] INFO  testCases.TC_002_LoginDataDrivenTest -  Finished TC_003_LoginDataDrivenTest
22:42:54.322 [main] INFO  testCases.TC_002_LoginDataDrivenTest -  Starting TC_002_LoginDataDrivenTest 
22:42:55.442 [main] INFO  testCases.TC_002_LoginDataDrivenTest - providing partner Name
22:43:05.491 [main] INFO  testCases.TC_002_LoginDataDrivenTest -  Starting TC_002_LoginDataDrivenTest 
22:43:06.437 [main] INFO  testCases.TC_002_LoginDataDrivenTest - providing partner Name
22:43:07.500 [main] INFO  testCases.TC_002_LoginDataDrivenTest -  Starting TC_002_LoginDataDrivenTest 
22:43:08.346 [main] INFO  testCases.TC_002_LoginDataDrivenTest - providing partner Name
22:44:29.998 [main] INFO  testCases.TC_002_LoginDataDrivenTest -  Starting TC_002_LoginDataDrivenTest 
22:44:31.047 [main] INFO  testCases.TC_002_LoginDataDrivenTest - providing partner Name
22:44:42.227 [main] INFO  testCases.TC_002_LoginDataDrivenTest -  Finished TC_003_LoginDataDrivenTest
22:44:42.252 [main] INFO  testCases.TC_002_LoginDataDrivenTest -  Starting TC_002_LoginDataDrivenTest 
22:44:43.081 [main] INFO  testCases.TC_002_LoginDataDrivenTest - providing partner Name
22:44:54.046 [main] INFO  testCases.TC_002_LoginDataDrivenTest -  Finished TC_003_LoginDataDrivenTest
22:44:54.053 [main] INFO  testCases.TC_002_LoginDataDrivenTest -  Starting TC_002_LoginDataDrivenTest 
22:44:54.892 [main] INFO  testCases.TC_002_LoginDataDrivenTest - providing partner Name
22:45:06.468 [main] INFO  testCases.TC_002_LoginDataDrivenTest -  Finished TC_003_LoginDataDrivenTest
22:46:39.267 [main] INFO  testCases.TC_002_LoginDataDrivenTest -  Starting TC_002_LoginDataDrivenTest 
22:46:40.263 [main] INFO  testCases.TC_002_LoginDataDrivenTest - providing partner Name
22:46:51.915 [main] INFO  testCases.TC_002_LoginDataDrivenTest -  Starting TC_002_LoginDataDrivenTest 
22:46:52.805 [main] INFO  testCases.TC_002_LoginDataDrivenTest - providing partner Name
22:46:53.866 [main] INFO  testCases.TC_002_LoginDataDrivenTest -  Starting TC_002_LoginDataDrivenTest 
22:46:54.794 [main] INFO  testCases.TC_002_LoginDataDrivenTest - providing partner Name
22:47:22.872 [main] INFO  testCases.TC_002_LoginDataDrivenTest -  Starting TC_002_LoginDataDrivenTest 
22:47:23.863 [main] INFO  testCases.TC_002_LoginDataDrivenTest - providing partner Name
22:47:35.626 [main] INFO  testCases.TC_002_LoginDataDrivenTest -  Starting TC_002_LoginDataDrivenTest 
22:47:36.517 [main] INFO  testCases.TC_002_LoginDataDrivenTest - providing partner Name
22:47:37.573 [main] INFO  testCases.TC_002_LoginDataDrivenTest -  Starting TC_002_LoginDataDrivenTest 
22:47:38.420 [main] INFO  testCases.TC_002_LoginDataDrivenTest - providing partner Name
22:48:06.339 [main] INFO  testCases.TC_002_LoginDataDrivenTest -  Starting TC_002_LoginDataDrivenTest 
22:48:07.315 [main] INFO  testCases.TC_002_LoginDataDrivenTest - providing partner Name
22:48:19.720 [main] INFO  testCases.TC_002_LoginDataDrivenTest -  Finished TC_003_LoginDataDrivenTest
22:48:19.730 [main] INFO  testCases.TC_002_LoginDataDrivenTest -  Starting TC_002_LoginDataDrivenTest 
22:48:20.543 [main] INFO  testCases.TC_002_LoginDataDrivenTest - providing partner Name
22:48:32.569 [main] INFO  testCases.TC_002_LoginDataDrivenTest -  Finished TC_003_LoginDataDrivenTest
22:48:32.581 [main] INFO  testCases.TC_002_LoginDataDrivenTest -  Starting TC_002_LoginDataDrivenTest 
22:48:33.430 [main] INFO  testCases.TC_002_LoginDataDrivenTest - providing partner Name
22:48:45.953 [main] INFO  testCases.TC_002_LoginDataDrivenTest -  Finished TC_003_LoginDataDrivenTest
22:49:55.553 [main] INFO  testCases.TC_002_LoginDataDrivenTest -  Starting TC_002_LoginDataDrivenTest 
22:49:56.557 [main] INFO  testCases.TC_002_LoginDataDrivenTest - providing partner Name
22:50:08.271 [main] INFO  testCases.TC_002_LoginDataDrivenTest -  Finished TC_003_LoginDataDrivenTest
22:50:08.292 [main] INFO  testCases.TC_002_LoginDataDrivenTest -  Starting TC_002_LoginDataDrivenTest 
22:50:09.146 [main] INFO  testCases.TC_002_LoginDataDrivenTest - providing partner Name
22:50:21.234 [main] INFO  testCases.TC_002_LoginDataDrivenTest -  Starting TC_002_LoginDataDrivenTest 
22:50:22.054 [main] INFO  testCases.TC_002_LoginDataDrivenTest - providing partner Name
07:36:14.163 [main] INFO  testCases.TC_002_LoginDataDrivenTest -  Starting TC_002_LoginDataDrivenTest 
07:36:14.987 [main] INFO  testCases.TC_002_LoginDataDrivenTest - providing partner Name
07:36:21.281 [main] INFO  testCases.TC_002_LoginDataDrivenTest -  Finished TC_003_LoginDataDrivenTest
07:36:21.292 [main] INFO  testCases.TC_002_LoginDataDrivenTest -  Starting TC_002_LoginDataDrivenTest 
07:36:21.986 [main] INFO  testCases.TC_002_LoginDataDrivenTest - providing partner Name
07:36:27.225 [main] INFO  testCases.TC_002_LoginDataDrivenTest -  Finished TC_003_LoginDataDrivenTest
07:36:27.239 [main] INFO  testCases.TC_002_LoginDataDrivenTest -  Starting TC_002_LoginDataDrivenTest 
07:36:28.047 [main] INFO  testCases.TC_002_LoginDataDrivenTest - providing partner Name
07:36:33.332 [main] INFO  testCases.TC_002_LoginDataDrivenTest -  Finished TC_003_LoginDataDrivenTest
07:47:04.063 [main] INFO  testCases.TC_002_LoginDataDrivenTest -  Starting TC_002_LoginDataDrivenTest 
07:47:05.019 [main] INFO  testCases.TC_002_LoginDataDrivenTest - providing partner Name
07:47:10.692 [main] INFO  testCases.TC_002_LoginDataDrivenTest -  Finished TC_003_LoginDataDrivenTest
07:47:10.718 [main] INFO  testCases.TC_002_LoginDataDrivenTest -  Starting TC_002_LoginDataDrivenTest 
07:47:11.437 [main] INFO  testCases.TC_002_LoginDataDrivenTest - providing partner Name
07:47:17.329 [main] INFO  testCases.TC_002_LoginDataDrivenTest -  Finished TC_003_LoginDataDrivenTest
07:47:17.338 [main] INFO  testCases.TC_002_LoginDataDrivenTest -  Starting TC_002_LoginDataDrivenTest 
07:47:18.294 [main] INFO  testCases.TC_002_LoginDataDrivenTest - providing partner Name
07:48:20.659 [main] INFO  testCases.TC_002_LoginDataDrivenTest -  Starting TC_002_LoginDataDrivenTest 
07:48:21.765 [main] INFO  testCases.TC_002_LoginDataDrivenTest - providing partner Name
07:48:24.791 [main] INFO  testCases.TC_002_LoginDataDrivenTest -  Starting TC_002_LoginDataDrivenTest 
07:48:25.694 [main] INFO  testCases.TC_002_LoginDataDrivenTest - providing partner Name
07:48:26.785 [main] INFO  testCases.TC_002_LoginDataDrivenTest -  Starting TC_002_LoginDataDrivenTest 
07:48:27.644 [main] INFO  testCases.TC_002_LoginDataDrivenTest - providing partner Name
07:49:19.816 [main] INFO  testCases.TC_002_LoginDataDrivenTest -  Starting TC_002_LoginDataDrivenTest 
07:49:20.768 [main] INFO  testCases.TC_002_LoginDataDrivenTest - providing partner Name
07:49:24.132 [main] INFO  testCases.TC_002_LoginDataDrivenTest -  Starting TC_002_LoginDataDrivenTest 
07:49:25.034 [main] INFO  testCases.TC_002_LoginDataDrivenTest - providing partner Name
07:49:26.153 [main] INFO  testCases.TC_002_LoginDataDrivenTest -  Starting TC_002_LoginDataDrivenTest 
07:49:27.067 [main] INFO  testCases.TC_002_LoginDataDrivenTest - providing partner Name
07:50:06.492 [main] INFO  testCases.TC_002_LoginDataDrivenTest -  Starting TC_002_LoginDataDrivenTest 
07:50:07.446 [main] INFO  testCases.TC_002_LoginDataDrivenTest - providing partner Name
07:50:10.914 [main] INFO  testCases.TC_002_LoginDataDrivenTest -  Starting TC_002_LoginDataDrivenTest 
07:50:11.849 [main] INFO  testCases.TC_002_LoginDataDrivenTest - providing partner Name
07:50:12.941 [main] INFO  testCases.TC_002_LoginDataDrivenTest -  Starting TC_002_LoginDataDrivenTest 
07:50:13.885 [main] INFO  testCases.TC_002_LoginDataDrivenTest - providing partner Name
07:51:50.963 [main] INFO  testCases.TC_002_LoginDataDrivenTest -  Starting TC_002_LoginDataDrivenTest 
07:51:51.945 [main] INFO  testCases.TC_002_LoginDataDrivenTest - providing partner Name
07:51:55.666 [main] INFO  testCases.TC_002_LoginDataDrivenTest -  Starting TC_002_LoginDataDrivenTest 
07:51:56.593 [main] INFO  testCases.TC_002_LoginDataDrivenTest - providing partner Name
07:51:57.683 [main] INFO  testCases.TC_002_LoginDataDrivenTest -  Starting TC_002_LoginDataDrivenTest 
07:51:58.672 [main] INFO  testCases.TC_002_LoginDataDrivenTest - providing partner Name
07:56:57.975 [main] INFO  testCases.TC_002_LoginDataDrivenTest -  Starting TC_002_LoginDataDrivenTest 
07:56:59.139 [main] INFO  testCases.TC_002_LoginDataDrivenTest - providing partner Name
07:57:03.278 [main] INFO  testCases.TC_002_LoginDataDrivenTest -  Starting TC_002_LoginDataDrivenTest 
07:57:04.287 [main] INFO  testCases.TC_002_LoginDataDrivenTest - providing partner Name
07:57:05.379 [main] INFO  testCases.TC_002_LoginDataDrivenTest -  Starting TC_002_LoginDataDrivenTest 
07:57:06.435 [main] INFO  testCases.TC_002_LoginDataDrivenTest - providing partner Name
07:58:50.440 [main] INFO  testCases.TC_002_LoginDataDrivenTest -  Starting TC_002_LoginDataDrivenTest 
07:58:51.510 [main] INFO  testCases.TC_002_LoginDataDrivenTest - providing partner Name
07:58:52.668 [main] INFO  testCases.TC_002_LoginDataDrivenTest -  Starting TC_002_LoginDataDrivenTest 
07:58:53.610 [main] INFO  testCases.TC_002_LoginDataDrivenTest - providing partner Name
07:58:54.709 [main] INFO  testCases.TC_002_LoginDataDrivenTest -  Starting TC_002_LoginDataDrivenTest 
07:58:55.682 [main] INFO  testCases.TC_002_LoginDataDrivenTest - providing partner Name
07:59:41.296 [main] INFO  testCases.TC_002_LoginDataDrivenTest -  Starting TC_002_LoginDataDrivenTest 
07:59:42.603 [main] INFO  testCases.TC_002_LoginDataDrivenTest - providing partner Name
07:59:47.007 [main] INFO  testCases.TC_002_LoginDataDrivenTest -  Starting TC_002_LoginDataDrivenTest 
07:59:47.997 [main] INFO  testCases.TC_002_LoginDataDrivenTest - providing partner Name
07:59:49.105 [main] INFO  testCases.TC_002_LoginDataDrivenTest -  Starting TC_002_LoginDataDrivenTest 
07:59:50.067 [main] INFO  testCases.TC_002_LoginDataDrivenTest - providing partner Name
08:01:29.840 [main] INFO  testCases.TC_002_LoginDataDrivenTest -  Starting TC_002_LoginDataDrivenTest 
08:01:31.057 [main] INFO  testCases.TC_002_LoginDataDrivenTest - providing partner Name
08:01:36.738 [main] INFO  testCases.TC_002_LoginDataDrivenTest -  Starting TC_002_LoginDataDrivenTest 
08:01:37.848 [main] INFO  testCases.TC_002_LoginDataDrivenTest - providing partner Name
08:01:39.019 [main] INFO  testCases.TC_002_LoginDataDrivenTest -  Starting TC_002_LoginDataDrivenTest 
08:01:40.170 [main] INFO  testCases.TC_002_LoginDataDrivenTest - providing partner Name
08:02:21.952 [main] INFO  testCases.TC_002_LoginDataDrivenTest -  Starting TC_002_LoginDataDrivenTest 
08:02:22.835 [main] INFO  testCases.TC_002_LoginDataDrivenTest - providing partner Name
08:02:25.789 [main] INFO  testCases.TC_002_LoginDataDrivenTest -  Starting TC_002_LoginDataDrivenTest 
08:02:26.599 [main] INFO  testCases.TC_002_LoginDataDrivenTest - providing partner Name
08:02:27.771 [main] INFO  testCases.TC_002_LoginDataDrivenTest -  Starting TC_002_LoginDataDrivenTest 
08:02:28.540 [main] INFO  testCases.TC_002_LoginDataDrivenTest - providing partner Name
08:04:06.291 [main] INFO  testCases.TC_002_LoginDataDrivenTest -  Starting TC_002_LoginDataDrivenTest 
08:04:07.212 [main] INFO  testCases.TC_002_LoginDataDrivenTest - providing partner Name
08:04:09.708 [main] INFO  testCases.TC_002_LoginDataDrivenTest -  Starting TC_002_LoginDataDrivenTest 
08:04:10.483 [main] INFO  testCases.TC_002_LoginDataDrivenTest - providing partner Name
08:04:11.651 [main] INFO  testCases.TC_002_LoginDataDrivenTest -  Starting TC_002_LoginDataDrivenTest 
08:04:12.484 [main] INFO  testCases.TC_002_LoginDataDrivenTest - providing partner Name
08:07:12.858 [main] INFO  testCases.TC_002_LoginDataDrivenTest -  Starting TC_002_LoginDataDrivenTest 
08:07:27.118 [main] INFO  testCases.TC_002_LoginDataDrivenTest - providing partner Name
08:07:30.381 [main] INFO  testCases.TC_002_LoginDataDrivenTest -  Starting TC_002_LoginDataDrivenTest 
08:07:31.153 [main] INFO  testCases.TC_002_LoginDataDrivenTest - providing partner Name
08:07:32.262 [main] INFO  testCases.TC_002_LoginDataDrivenTest -  Starting TC_002_LoginDataDrivenTest 
08:07:33.329 [main] INFO  testCases.TC_002_LoginDataDrivenTest - providing partner Name
08:11:15.874 [main] INFO  testCases.TC_002_LoginDataDrivenTest -  Starting TC_002_LoginDataDrivenTest 
08:11:16.723 [main] INFO  testCases.TC_002_LoginDataDrivenTest - providing partner Name
08:11:27.538 [main] INFO  testCases.TC_002_LoginDataDrivenTest -  Starting TC_002_LoginDataDrivenTest 
08:11:28.450 [main] INFO  testCases.TC_002_LoginDataDrivenTest - providing partner Name
08:11:31.212 [main] INFO  testCases.TC_002_LoginDataDrivenTest -  Starting TC_002_LoginDataDrivenTest 
08:11:32.065 [main] INFO  testCases.TC_002_LoginDataDrivenTest - providing partner Name
08:12:05.509 [main] INFO  testCases.TC_002_LoginDataDrivenTest -  Starting TC_002_LoginDataDrivenTest 
08:12:06.648 [main] INFO  testCases.TC_002_LoginDataDrivenTest - providing partner Name
08:12:30.720 [main] INFO  testCases.TC_002_LoginDataDrivenTest -  Starting TC_002_LoginDataDrivenTest 
08:12:31.816 [main] INFO  testCases.TC_002_LoginDataDrivenTest - providing partner Name
08:12:32.992 [main] INFO  testCases.TC_002_LoginDataDrivenTest -  Starting TC_002_LoginDataDrivenTest 
08:12:33.973 [main] INFO  testCases.TC_002_LoginDataDrivenTest - providing partner Name
08:17:51.331 [main] INFO  testCases.TC_002_LoginDataDrivenTest -  Starting TC_002_LoginDataDrivenTest 
08:17:52.400 [main] INFO  testCases.TC_002_LoginDataDrivenTest - providing partner Name
08:17:55.319 [main] INFO  testCases.TC_002_LoginDataDrivenTest -  Starting TC_002_LoginDataDrivenTest 
08:17:56.222 [main] INFO  testCases.TC_002_LoginDataDrivenTest - providing partner Name
08:17:57.332 [main] INFO  testCases.TC_002_LoginDataDrivenTest -  Starting TC_002_LoginDataDrivenTest 
08:17:58.167 [main] INFO  testCases.TC_002_LoginDataDrivenTest - providing partner Name
08:20:36.691 [main] INFO  testCases.TC_002_LoginDataDrivenTest -  Starting TC_002_LoginDataDrivenTest 
08:20:37.630 [main] INFO  testCases.TC_002_LoginDataDrivenTest - providing partner Name
08:20:40.574 [main] INFO  testCases.TC_002_LoginDataDrivenTest -  Starting TC_002_LoginDataDrivenTest 
08:20:41.457 [main] INFO  testCases.TC_002_LoginDataDrivenTest - providing partner Name
08:20:42.619 [main] INFO  testCases.TC_002_LoginDataDrivenTest -  Starting TC_002_LoginDataDrivenTest 
08:20:43.535 [main] INFO  testCases.TC_002_LoginDataDrivenTest - providing partner Name
08:24:55.370 [main] INFO  testCases.TC_002_LoginDataDrivenTest -  Starting TC_002_LoginDataDrivenTest 
08:24:56.332 [main] INFO  testCases.TC_002_LoginDataDrivenTest - providing partner Name
08:24:59.100 [main] INFO  testCases.TC_002_LoginDataDrivenTest -  Starting TC_002_LoginDataDrivenTest 
08:24:59.948 [main] INFO  testCases.TC_002_LoginDataDrivenTest - providing partner Name
08:25:01.115 [main] INFO  testCases.TC_002_LoginDataDrivenTest -  Starting TC_002_LoginDataDrivenTest 
08:25:02.118 [main] INFO  testCases.TC_002_LoginDataDrivenTest - providing partner Name
09:11:41.664 [main] INFO  testCases.TC_002_LoginDataDrivenTest -  Starting TC_002_LoginDataDrivenTest 
09:11:42.603 [main] INFO  testCases.TC_002_LoginDataDrivenTest - providing partner Name
09:11:42.702 [main] INFO  testCases.TC_002_LoginDataDrivenTest -  Starting TC_002_LoginDataDrivenTest 
09:11:43.554 [main] INFO  testCases.TC_002_LoginDataDrivenTest - providing partner Name
09:11:43.586 [main] INFO  testCases.TC_002_LoginDataDrivenTest -  Starting TC_002_LoginDataDrivenTest 
09:11:44.471 [main] INFO  testCases.TC_002_LoginDataDrivenTest - providing partner Name
09:12:24.179 [main] INFO  testCases.TC_002_LoginDataDrivenTest -  Starting TC_002_LoginDataDrivenTest 
09:12:25.043 [main] INFO  testCases.TC_002_LoginDataDrivenTest - providing partner Name
09:12:39.500 [main] INFO  testCases.TC_002_LoginDataDrivenTest -  Starting TC_002_LoginDataDrivenTest 
09:12:40.332 [main] INFO  testCases.TC_002_LoginDataDrivenTest - providing partner Name
09:12:44.330 [main] INFO  testCases.TC_002_LoginDataDrivenTest -  Starting TC_002_LoginDataDrivenTest 
09:12:45.029 [main] INFO  testCases.TC_002_LoginDataDrivenTest - providing partner Name
09:13:32.318 [main] INFO  testCases.TC_002_LoginDataDrivenTest -  Starting TC_002_LoginDataDrivenTest 
09:13:33.167 [main] INFO  testCases.TC_002_LoginDataDrivenTest - providing partner Name
09:13:35.940 [main] INFO  testCases.TC_002_LoginDataDrivenTest -  Starting TC_002_LoginDataDrivenTest 
09:13:36.691 [main] INFO  testCases.TC_002_LoginDataDrivenTest - providing partner Name
09:13:37.823 [main] INFO  testCases.TC_002_LoginDataDrivenTest -  Starting TC_002_LoginDataDrivenTest 
09:13:38.766 [main] INFO  testCases.TC_002_LoginDataDrivenTest - providing partner Name
11:18:48.431 [main] INFO  testCases.TC_002_LoginDataDrivenTest -  Starting TC_002_LoginDataDrivenTest 
11:18:49.246 [main] INFO  testCases.TC_002_LoginDataDrivenTest - providing partner Name
11:19:05.032 [main] INFO  testCases.TC_002_LoginDataDrivenTest -  Starting TC_002_LoginDataDrivenTest 
11:19:05.852 [main] INFO  testCases.TC_002_LoginDataDrivenTest - providing partner Name
11:19:06.993 [main] INFO  testCases.TC_002_LoginDataDrivenTest -  Starting TC_002_LoginDataDrivenTest 
11:19:07.772 [main] INFO  testCases.TC_002_LoginDataDrivenTest - providing partner Name
10:06:35.502 [main] INFO  testCases.TC_002_LoginDataDrivenTest -  Starting TC_002_LoginDataDrivenTest 
10:06:36.283 [main] INFO  testCases.TC_002_LoginDataDrivenTest - providing partner Name
10:06:36.368 [main] INFO  testCases.TC_002_LoginDataDrivenTest -  Starting TC_002_LoginDataDrivenTest 
10:06:36.939 [main] INFO  testCases.TC_002_LoginDataDrivenTest - providing partner Name
10:06:36.970 [main] INFO  testCases.TC_002_LoginDataDrivenTest -  Starting TC_002_LoginDataDrivenTest 
10:06:37.566 [main] INFO  testCases.TC_002_LoginDataDrivenTest - providing partner Name
10:11:34.289 [main] INFO  testCases.TC_002_LoginDataDrivenTest -  Starting TC_002_LoginDataDrivenTest 
10:11:34.930 [main] INFO  testCases.TC_002_LoginDataDrivenTest - providing partner Name
10:11:38.808 [main] INFO  testCases.TC_002_LoginDataDrivenTest -  Starting TC_002_LoginDataDrivenTest 
10:11:39.549 [main] INFO  testCases.TC_002_LoginDataDrivenTest - providing partner Name
10:11:40.663 [main] INFO  testCases.TC_002_LoginDataDrivenTest -  Starting TC_002_LoginDataDrivenTest 
10:11:41.351 [main] INFO  testCases.TC_002_LoginDataDrivenTest - providing partner Name
11:23:43.880 [main] INFO  testCases.TC_002_LoginDataDrivenTest -  Starting TC_002_LoginDataDrivenTest 
11:23:44.695 [main] INFO  testCases.TC_002_LoginDataDrivenTest - providing partner Name
11:23:48.577 [main] INFO  testCases.TC_002_LoginDataDrivenTest -  Starting TC_002_LoginDataDrivenTest 
11:23:49.263 [main] INFO  testCases.TC_002_LoginDataDrivenTest - providing partner Name
11:23:50.344 [main] INFO  testCases.TC_002_LoginDataDrivenTest -  Starting TC_002_LoginDataDrivenTest 
11:23:51.068 [main] INFO  testCases.TC_002_LoginDataDrivenTest - providing partner Name
11:24:55.896 [main] INFO  testCases.TC_002_LoginDataDrivenTest -  Starting TC_002_LoginDataDrivenTest 
11:24:56.743 [main] INFO  testCases.TC_002_LoginDataDrivenTest - providing partner Name
11:24:58.589 [main] INFO  testCases.TC_002_LoginDataDrivenTest -  Starting TC_002_LoginDataDrivenTest 
11:24:59.311 [main] INFO  testCases.TC_002_LoginDataDrivenTest - providing partner Name
11:25:00.432 [main] INFO  testCases.TC_002_LoginDataDrivenTest -  Starting TC_002_LoginDataDrivenTest 
11:25:01.107 [main] INFO  testCases.TC_002_LoginDataDrivenTest - providing partner Name
11:28:01.320 [main] INFO  testCases.TC_002_LoginDataDrivenTest -  Starting TC_002_LoginDataDrivenTest 
11:28:02.171 [main] INFO  testCases.TC_002_LoginDataDrivenTest - providing partner Name
11:28:03.842 [main] INFO  testCases.TC_002_LoginDataDrivenTest -  Starting TC_002_LoginDataDrivenTest 
11:28:04.559 [main] INFO  testCases.TC_002_LoginDataDrivenTest - providing partner Name
11:28:05.632 [main] INFO  testCases.TC_002_LoginDataDrivenTest -  Starting TC_002_LoginDataDrivenTest 
11:28:06.350 [main] INFO  testCases.TC_002_LoginDataDrivenTest - providing partner Name
11:28:30.463 [main] INFO  testCases.TC_002_LoginDataDrivenTest -  Starting TC_002_LoginDataDrivenTest 
11:28:31.277 [main] INFO  testCases.TC_002_LoginDataDrivenTest - providing partner Name
11:28:33.042 [main] INFO  testCases.TC_002_LoginDataDrivenTest -  Starting TC_002_LoginDataDrivenTest 
11:28:33.821 [main] INFO  testCases.TC_002_LoginDataDrivenTest - providing partner Name
